# JRE version: OpenJDK Runtime Environment Temurin-17.0.11+9 (17.0.11+9) (build 17.0.11+9)
# Java VM: OpenJDK 64-Bit Server VM Temurin-17.0.11+9 (17.0.11+9, mixed mode, tiered, compressed oops, compressed class ptrs, parallel gc, linux-amd64)
GC Precious Log:
 CPUs: 12 total, 12 available
 Memory: 15841M
 Large Page Support: Disabled
 NUMA Support: Disabled
 Compressed Oops: Enabled (32-bit)
 Alignments: Space 512K, Generation 512K, Heap 2M
 Heap Min Capacity: 100M
 Heap Initial Capacity: 100M
 Heap Max Capacity: 1G
 Pre-touch: Disabled
 Parallel Workers: 10
Heap:
 PSYoungGen      total 80384K, used 80120K [0x00000000eab00000, 0x00000000f0200000, 0x0000000100000000)
  eden space 74752K, 100% used [0x00000000eab00000,0x00000000ef400000,0x00000000ef400000)
  from space 5632K, 95% used [0x00000000efc80000,0x00000000f01be190,0x00000000f0200000)
  to   space 6656K, 69% used [0x00000000ef500000,0x00000000ef97f5a8,0x00000000efb80000)
 ParOldGen       total 166912K, used 141971K [0x00000000c0000000, 0x00000000ca300000, 0x00000000eab00000)
  object space 166912K, 85% used [0x00000000c0000000,0x00000000c8aa4d70,0x00000000ca300000)
 Metaspace       used 77061K, committed 78528K, reserved 1179648K
  class space    used 8233K, committed 8896K, reserved 1048576K
GC Heap History (20 events):
Event: 8.479 GC heap after
{Heap after GC invocations=57 (full 6):
 PSYoungGen      total 58880K, used 6439K [0x00000000eab00000, 0x00000000ef100000, 0x0000000100000000)
  eden space 52224K, 0% used [0x00000000eab00000,0x00000000eab00000,0x00000000ede00000)
  from space 6656K, 96% used [0x00000000ede00000,0x00000000ee449cf8,0x00000000ee480000)
  to   space 7168K, 0% used [0x00000000eea00000,0x00000000eea00000,0x00000000ef100000)
 ParOldGen       total 166912K, used 110699K [0x00000000c0000000, 0x00000000ca300000, 0x00000000eab00000)
  object space 166912K, 66% used [0x00000000c0000000,0x00000000c6c1ac90,0x00000000ca300000)
 Metaspace       used 69574K, committed 70848K, reserved 1114112K
  class space    used 7467K, committed 8064K, reserved 1048576K
}
Event: 8.520 GC heap before
{Heap before GC invocations=58 (full 6):
 PSYoungGen      total 58880K, used 58663K [0x00000000eab00000, 0x00000000ef100000, 0x0000000100000000)
  eden space 52224K, 100% used [0x00000000eab00000,0x00000000ede00000,0x00000000ede00000)
  from space 6656K, 96% used [0x00000000ede00000,0x00000000ee449cf8,0x00000000ee480000)
  to   space 7168K, 0% used [0x00000000eea00000,0x00000000eea00000,0x00000000ef100000)
 ParOldGen       total 166912K, used 110699K [0x00000000c0000000, 0x00000000ca300000, 0x00000000eab00000)
  object space 166912K, 66% used [0x00000000c0000000,0x00000000c6c1ac90,0x00000000ca300000)
 Metaspace       used 69598K, committed 70912K, reserved 1114112K
  class space    used 7468K, committed 8064K, reserved 1048576K
}
Event: 8.528 GC heap after
{Heap after GC invocations=58 (full 6):
 PSYoungGen      total 56320K, used 7161K [0x00000000eab00000, 0x00000000f0180000, 0x0000000100000000)
  eden space 49152K, 0% used [0x00000000eab00000,0x00000000eab00000,0x00000000edb00000)
  from space 7168K, 99% used [0x00000000eea00000,0x00000000ef0fe6f8,0x00000000ef100000)
  to   space 15360K, 0% used [0x00000000edb00000,0x00000000edb00000,0x00000000eea00000)
 ParOldGen       total 166912K, used 117178K [0x00000000c0000000, 0x00000000ca300000, 0x00000000eab00000)
  object space 166912K, 70% used [0x00000000c0000000,0x00000000c726e848,0x00000000ca300000)
 Metaspace       used 69598K, committed 70912K, reserved 1114112K
  class space    used 7468K, committed 8064K, reserved 1048576K
}
Event: 8.554 GC heap before
{Heap before GC invocations=59 (full 6):
 PSYoungGen      total 56320K, used 56313K [0x00000000eab00000, 0x00000000f0180000, 0x0000000100000000)
  eden space 49152K, 100% used [0x00000000eab00000,0x00000000edb00000,0x00000000edb00000)
  from space 7168K, 99% used [0x00000000eea00000,0x00000000ef0fe6f8,0x00000000ef100000)
  to   space 15360K, 0% used [0x00000000edb00000,0x00000000edb00000,0x00000000eea00000)
 ParOldGen       total 166912K, used 117178K [0x00000000c0000000, 0x00000000ca300000, 0x00000000eab00000)
  object space 166912K, 70% used [0x00000000c0000000,0x00000000c726e848,0x00000000ca300000)
 Metaspace       used 69630K, committed 70976K, reserved 1114112K
  class space    used 7468K, committed 8064K, reserved 1048576K
}
Event: 8.559 GC heap after
{Heap after GC invocations=59 (full 6):
 PSYoungGen      total 56320K, used 6682K [0x00000000eab00000, 0x00000000ef280000, 0x0000000100000000)
  eden space 49152K, 0% used [0x00000000eab00000,0x00000000eab00000,0x00000000edb00000)
  from space 7168K, 93% used [0x00000000edb00000,0x00000000ee1868a8,0x00000000ee200000)
  to   space 9216K, 0% used [0x00000000ee980000,0x00000000ee980000,0x00000000ef280000)
 ParOldGen       total 166912K, used 121687K [0x00000000c0000000, 0x00000000ca300000, 0x00000000eab00000)
  object space 166912K, 72% used [0x00000000c0000000,0x00000000c76d5dc8,0x00000000ca300000)
 Metaspace       used 69630K, committed 70976K, reserved 1114112K
  class space    used 7468K, committed 8064K, reserved 1048576K
}
Event: 8.595 GC heap before
{Heap before GC invocations=60 (full 6):
 PSYoungGen      total 56320K, used 55834K [0x00000000eab00000, 0x00000000ef280000, 0x0000000100000000)
  eden space 49152K, 100% used [0x00000000eab00000,0x00000000edb00000,0x00000000edb00000)
  from space 7168K, 93% used [0x00000000edb00000,0x00000000ee1868a8,0x00000000ee200000)
  to   space 9216K, 0% used [0x00000000ee980000,0x00000000ee980000,0x00000000ef280000)
 ParOldGen       total 166912K, used 121687K [0x00000000c0000000, 0x00000000ca300000, 0x00000000eab00000)
  object space 166912K, 72% used [0x00000000c0000000,0x00000000c76d5dc8,0x00000000ca300000)
 Metaspace       used 69675K, committed 70976K, reserved 1114112K
  class space    used 7469K, committed 8064K, reserved 1048576K
}
Event: 8.599 GC heap after
{Heap after GC invocations=60 (full 6):
 PSYoungGen      total 60928K, used 6047K [0x00000000eab00000, 0x00000000eef80000, 0x0000000100000000)
  eden space 54784K, 0% used [0x00000000eab00000,0x00000000eab00000,0x00000000ee080000)
  from space 6144K, 98% used [0x00000000ee980000,0x00000000eef67c60,0x00000000eef80000)
  to   space 7168K, 0% used [0x00000000ee180000,0x00000000ee180000,0x00000000ee880000)
 ParOldGen       total 166912K, used 123757K [0x00000000c0000000, 0x00000000ca300000, 0x00000000eab00000)
  object space 166912K, 74% used [0x00000000c0000000,0x00000000c78db470,0x00000000ca300000)
 Metaspace       used 69675K, committed 70976K, reserved 1114112K
  class space    used 7469K, committed 8064K, reserved 1048576K
}
Event: 8.631 GC heap before
{Heap before GC invocations=61 (full 6):
 PSYoungGen      total 60928K, used 60831K [0x00000000eab00000, 0x00000000eef80000, 0x0000000100000000)
  eden space 54784K, 100% used [0x00000000eab00000,0x00000000ee080000,0x00000000ee080000)
  from space 6144K, 98% used [0x00000000ee980000,0x00000000eef67c60,0x00000000eef80000)
  to   space 7168K, 0% used [0x00000000ee180000,0x00000000ee180000,0x00000000ee880000)
 ParOldGen       total 166912K, used 123760K [0x00000000c0000000, 0x00000000ca300000, 0x00000000eab00000)
  object space 166912K, 74% used [0x00000000c0000000,0x00000000c78dc000,0x00000000ca300000)
 Metaspace       used 69752K, committed 71040K, reserved 1114112K
  class space    used 7469K, committed 8064K, reserved 1048576K
}
Event: 8.635 GC heap after
{Heap after GC invocations=61 (full 6):
 PSYoungGen      total 62976K, used 7151K [0x00000000eab00000, 0x00000000ef980000, 0x0000000100000000)
  eden space 55808K, 0% used [0x00000000eab00000,0x00000000eab00000,0x00000000ee180000)
  from space 7168K, 99% used [0x00000000ee180000,0x00000000ee87bc30,0x00000000ee880000)
  to   space 9728K, 0% used [0x00000000ef000000,0x00000000ef000000,0x00000000ef980000)
 ParOldGen       total 166912K, used 125432K [0x00000000c0000000, 0x00000000ca300000, 0x00000000eab00000)
  object space 166912K, 75% used [0x00000000c0000000,0x00000000c7a7e000,0x00000000ca300000)
 Metaspace       used 69752K, committed 71040K, reserved 1114112K
  class space    used 7469K, committed 8064K, reserved 1048576K
}
Event: 8.682 GC heap before
{Heap before GC invocations=62 (full 6):
 PSYoungGen      total 62976K, used 62959K [0x00000000eab00000, 0x00000000ef980000, 0x0000000100000000)
  eden space 55808K, 100% used [0x00000000eab00000,0x00000000ee180000,0x00000000ee180000)
  from space 7168K, 99% used [0x00000000ee180000,0x00000000ee87bc30,0x00000000ee880000)
  to   space 9728K, 0% used [0x00000000ef000000,0x00000000ef000000,0x00000000ef980000)
 ParOldGen       total 166912K, used 125432K [0x00000000c0000000, 0x00000000ca300000, 0x00000000eab00000)
  object space 166912K, 75% used [0x00000000c0000000,0x00000000c7a7e3c8,0x00000000ca300000)
 Metaspace       used 69897K, committed 71232K, reserved 1114112K
  class space    used 7482K, committed 8128K, reserved 1048576K
}
Event: 8.689 GC heap after
{Heap after GC invocations=62 (full 6):
 PSYoungGen      total 67072K, used 5919K [0x00000000eab00000, 0x00000000ef600000, 0x0000000100000000)
  eden space 60928K, 0% used [0x00000000eab00000,0x00000000eab00000,0x00000000ee680000)
  from space 6144K, 96% used [0x00000000ef000000,0x00000000ef5c7fc0,0x00000000ef600000)
  to   space 7168K, 0% used [0x00000000ee800000,0x00000000ee800000,0x00000000eef00000)
 ParOldGen       total 166912K, used 129677K [0x00000000c0000000, 0x00000000ca300000, 0x00000000eab00000)
  object space 166912K, 77% used [0x00000000c0000000,0x00000000c7ea3458,0x00000000ca300000)
 Metaspace       used 69897K, committed 71232K, reserved 1114112K
  class space    used 7482K, committed 8128K, reserved 1048576K
}
Event: 8.775 GC heap before
{Heap before GC invocations=63 (full 6):
 PSYoungGen      total 67072K, used 66847K [0x00000000eab00000, 0x00000000ef600000, 0x0000000100000000)
  eden space 60928K, 100% used [0x00000000eab00000,0x00000000ee680000,0x00000000ee680000)
  from space 6144K, 96% used [0x00000000ef000000,0x00000000ef5c7fc0,0x00000000ef600000)
  to   space 7168K, 0% used [0x00000000ee800000,0x00000000ee800000,0x00000000eef00000)
 ParOldGen       total 166912K, used 129678K [0x00000000c0000000, 0x00000000ca300000, 0x00000000eab00000)
  object space 166912K, 77% used [0x00000000c0000000,0x00000000c7ea3a28,0x00000000ca300000)
 Metaspace       used 70107K, committed 71424K, reserved 1114112K
  class space    used 7500K, committed 8128K, reserved 1048576K
}
Event: 8.784 GC heap after
{Heap after GC invocations=63 (full 6):
 PSYoungGen      total 69632K, used 7139K [0x00000000eab00000, 0x00000000f0400000, 0x0000000100000000)
  eden space 62464K, 0% used [0x00000000eab00000,0x00000000eab00000,0x00000000ee800000)
  from space 7168K, 99% used [0x00000000ee800000,0x00000000eeef8cc0,0x00000000eef00000)
  to   space 11776K, 0% used [0x00000000ef880000,0x00000000ef880000,0x00000000f0400000)
 ParOldGen       total 166912K, used 133040K [0x00000000c0000000, 0x00000000ca300000, 0x00000000eab00000)
  object space 166912K, 79% used [0x00000000c0000000,0x00000000c81ec308,0x00000000ca300000)
 Metaspace       used 70107K, committed 71424K, reserved 1114112K
  class space    used 7500K, committed 8128K, reserved 1048576K
}
Event: 8.906 GC heap before
{Heap before GC invocations=64 (full 6):
 PSYoungGen      total 69632K, used 69603K [0x00000000eab00000, 0x00000000f0400000, 0x0000000100000000)
  eden space 62464K, 99% used [0x00000000eab00000,0x00000000ee7ffff0,0x00000000ee800000)
  from space 7168K, 99% used [0x00000000ee800000,0x00000000eeef8cc0,0x00000000eef00000)
  to   space 11776K, 0% used [0x00000000ef880000,0x00000000ef880000,0x00000000f0400000)
 ParOldGen       total 166912K, used 133040K [0x00000000c0000000, 0x00000000ca300000, 0x00000000eab00000)
  object space 166912K, 79% used [0x00000000c0000000,0x00000000c81ec308,0x00000000ca300000)
 Metaspace       used 70788K, committed 72128K, reserved 1114112K
  class space    used 7580K, committed 8192K, reserved 1048576K
}
Event: 8.913 GC heap after
{Heap after GC invocations=64 (full 6):
 PSYoungGen      total 74240K, used 5322K [0x00000000eab00000, 0x00000000efe00000, 0x0000000100000000)
  eden space 68608K, 0% used [0x00000000eab00000,0x00000000eab00000,0x00000000eee00000)
  from space 5632K, 94% used [0x00000000ef880000,0x00000000efdb2910,0x00000000efe00000)
  to   space 7680K, 0% used [0x00000000eef00000,0x00000000eef00000,0x00000000ef680000)
 ParOldGen       total 166912K, used 136892K [0x00000000c0000000, 0x00000000ca300000, 0x00000000eab00000)
  object space 166912K, 82% used [0x00000000c0000000,0x00000000c85af2c0,0x00000000ca300000)
 Metaspace       used 70788K, committed 72128K, reserved 1114112K
  class space    used 7580K, committed 8192K, reserved 1048576K
}
Event: 9.183 GC heap before
{Heap before GC invocations=65 (full 6):
 PSYoungGen      total 74240K, used 73930K [0x00000000eab00000, 0x00000000efe00000, 0x0000000100000000)
  eden space 68608K, 100% used [0x00000000eab00000,0x00000000eee00000,0x00000000eee00000)
  from space 5632K, 94% used [0x00000000ef880000,0x00000000efdb2910,0x00000000efe00000)
  to   space 7680K, 0% used [0x00000000eef00000,0x00000000eef00000,0x00000000ef680000)
 ParOldGen       total 166912K, used 136892K [0x00000000c0000000, 0x00000000ca300000, 0x00000000eab00000)
  object space 166912K, 82% used [0x00000000c0000000,0x00000000c85af2c0,0x00000000ca300000)
 Metaspace       used 73533K, committed 74880K, reserved 1179648K
  class space    used 7898K, committed 8512K, reserved 1048576K
}
Event: 9.189 GC heap after
{Heap after GC invocations=65 (full 6):
 PSYoungGen      total 77312K, used 7658K [0x00000000eab00000, 0x00000000f0580000, 0x0000000100000000)
  eden space 69632K, 0% used [0x00000000eab00000,0x00000000eab00000,0x00000000eef00000)
  from space 7680K, 99% used [0x00000000eef00000,0x00000000ef67a900,0x00000000ef680000)
  to   space 9216K, 0% used [0x00000000efc80000,0x00000000efc80000,0x00000000f0580000)
 ParOldGen       total 166912K, used 137529K [0x00000000c0000000, 0x00000000ca300000, 0x00000000eab00000)
  object space 166912K, 82% used [0x00000000c0000000,0x00000000c864e4e0,0x00000000ca300000)
 Metaspace       used 73533K, committed 74880K, reserved 1179648K
  class space    used 7898K, committed 8512K, reserved 1048576K
}
Event: 9.447 GC heap before
{Heap before GC invocations=66 (full 6):
 PSYoungGen      total 77312K, used 77290K [0x00000000eab00000, 0x00000000f0580000, 0x0000000100000000)
  eden space 69632K, 100% used [0x00000000eab00000,0x00000000eef00000,0x00000000eef00000)
  from space 7680K, 99% used [0x00000000eef00000,0x00000000ef67a900,0x00000000ef680000)
  to   space 9216K, 0% used [0x00000000efc80000,0x00000000efc80000,0x00000000f0580000)
 ParOldGen       total 166912K, used 137529K [0x00000000c0000000, 0x00000000ca300000, 0x00000000eab00000)
  object space 166912K, 82% used [0x00000000c0000000,0x00000000c864e4e0,0x00000000ca300000)
 Metaspace       used 75180K, committed 76608K, reserved 1179648K
  class space    used 8062K, committed 8704K, reserved 1048576K
}
Event: 9.455 GC heap after
{Heap after GC invocations=66 (full 6):
 PSYoungGen      total 80384K, used 5368K [0x00000000eab00000, 0x00000000f0200000, 0x0000000100000000)
  eden space 74752K, 0% used [0x00000000eab00000,0x00000000eab00000,0x00000000ef400000)
  from space 5632K, 95% used [0x00000000efc80000,0x00000000f01be190,0x00000000f0200000)
  to   space 6656K, 0% used [0x00000000ef500000,0x00000000ef500000,0x00000000efb80000)
 ParOldGen       total 166912K, used 141963K [0x00000000c0000000, 0x00000000ca300000, 0x00000000eab00000)
  object space 166912K, 85% used [0x00000000c0000000,0x00000000c8aa2d70,0x00000000ca300000)
 Metaspace       used 75180K, committed 76608K, reserved 1179648K
  class space    used 8062K, committed 8704K, reserved 1048576K
}
Event: 9.778 GC heap before
{Heap before GC invocations=67 (full 6):
 PSYoungGen      total 80384K, used 80120K [0x00000000eab00000, 0x00000000f0200000, 0x0000000100000000)
  eden space 74752K, 100% used [0x00000000eab00000,0x00000000ef400000,0x00000000ef400000)
  from space 5632K, 95% used [0x00000000efc80000,0x00000000f01be190,0x00000000f0200000)
  to   space 6656K, 0% used [0x00000000ef500000,0x00000000ef500000,0x00000000efb80000)
 ParOldGen       total 166912K, used 141963K [0x00000000c0000000, 0x00000000ca300000, 0x00000000eab00000)
  object space 166912K, 85% used [0x00000000c0000000,0x00000000c8aa2d70,0x00000000ca300000)
 Metaspace       used 77061K, committed 78528K, reserved 1179648K
  class space    used 8233K, committed 8896K, reserved 1048576K
}

