# JRE version: OpenJDK Runtime Environment Temurin-17.0.11+9 (17.0.11+9) (build 17.0.11+9)
# Java VM: OpenJDK 64-Bit Server VM Temurin-17.0.11+9 (17.0.11+9, mixed mode, tiered, compressed oops, compressed class ptrs, parallel gc, linux-amd64)
GC Precious Log:
 CPUs: 12 total, 12 available
 Memory: 15841M
 Large Page Support: Disabled
 NUMA Support: Disabled
 Compressed Oops: Enabled (32-bit)
 Alignments: Space 512K, Generation 512K, Heap 2M
 Heap Min Capacity: 100M
 Heap Initial Capacity: 100M
 Heap Max Capacity: 1G
 Pre-touch: Disabled
 Parallel Workers: 10
Heap:
 PSYoungGen      total 24576K, used 18293K [0x00000000eab00000, 0x00000000ec980000, 0x0000000100000000)
  eden space 19456K, 68% used [0x00000000eab00000,0x00000000eb7ed548,0x00000000ebe00000)
  from space 5120K, 98% used [0x00000000ebe00000,0x00000000ec2f0000,0x00000000ec300000)
  to   space 5632K, 0% used [0x00000000ec400000,0x00000000ec400000,0x00000000ec980000)
 ParOldGen       total 223232K, used 190855K [0x00000000c0000000, 0x00000000cda00000, 0x00000000eab00000)
  object space 223232K, 85% used [0x00000000c0000000,0x00000000cba61dc8,0x00000000cda00000)
 Metaspace       used 63984K, committed 65152K, reserved 1114112K
  class space    used 6827K, committed 7296K, reserved 1048576K
GC Heap History (20 events):
Event: 12.642 GC heap before
{Heap before GC invocations=142 (full 7):
 PSYoungGen      total 17408K, used 17406K [0x00000000eab00000, 0x00000000ebf80000, 0x0000000100000000)
  eden space 14848K, 100% used [0x00000000eab00000,0x00000000eb980000,0x00000000eb980000)
  from space 2560K, 99% used [0x00000000eba00000,0x00000000ebc7f8e8,0x00000000ebc80000)
  to   space 3072K, 0% used [0x00000000ebc80000,0x00000000ebc80000,0x00000000ebf80000)
 ParOldGen       total 182784K, used 169135K [0x00000000c0000000, 0x00000000cb280000, 0x00000000eab00000)
  object space 182784K, 92% used [0x00000000c0000000,0x00000000ca52be50,0x00000000cb280000)
 Metaspace       used 63935K, committed 65088K, reserved 1114112K
  class space    used 6826K, committed 7296K, reserved 1048576K
}
Event: 12.645 GC heap after
{Heap after GC invocations=142 (full 7):
 PSYoungGen      total 14336K, used 3071K [0x00000000eab00000, 0x00000000ec680000, 0x0000000100000000)
  eden space 11264K, 0% used [0x00000000eab00000,0x00000000eab00000,0x00000000eb600000)
  from space 3072K, 99% used [0x00000000ebc80000,0x00000000ebf7fff0,0x00000000ebf80000)
  to   space 6656K, 0% used [0x00000000eb600000,0x00000000eb600000,0x00000000ebc80000)
 ParOldGen       total 182784K, used 171790K [0x00000000c0000000, 0x00000000cb280000, 0x00000000eab00000)
  object space 182784K, 93% used [0x00000000c0000000,0x00000000ca7c3978,0x00000000cb280000)
 Metaspace       used 63935K, committed 65088K, reserved 1114112K
  class space    used 6826K, committed 7296K, reserved 1048576K
}
Event: 12.681 GC heap before
{Heap before GC invocations=143 (full 7):
 PSYoungGen      total 14336K, used 14335K [0x00000000eab00000, 0x00000000ec680000, 0x0000000100000000)
  eden space 11264K, 100% used [0x00000000eab00000,0x00000000eb600000,0x00000000eb600000)
  from space 3072K, 99% used [0x00000000ebc80000,0x00000000ebf7fff0,0x00000000ebf80000)
  to   space 6656K, 0% used [0x00000000eb600000,0x00000000eb600000,0x00000000ebc80000)
 ParOldGen       total 182784K, used 171790K [0x00000000c0000000, 0x00000000cb280000, 0x00000000eab00000)
  object space 182784K, 93% used [0x00000000c0000000,0x00000000ca7c3978,0x00000000cb280000)
 Metaspace       used 63937K, committed 65088K, reserved 1114112K
  class space    used 6826K, committed 7296K, reserved 1048576K
}
Event: 12.685 GC heap after
{Heap after GC invocations=143 (full 7):
 PSYoungGen      total 14336K, used 2796K [0x00000000eab00000, 0x00000000ebe00000, 0x0000000100000000)
  eden space 11264K, 0% used [0x00000000eab00000,0x00000000eab00000,0x00000000eb600000)
  from space 3072K, 91% used [0x00000000eb600000,0x00000000eb8bb318,0x00000000eb900000)
  to   space 4096K, 0% used [0x00000000eba00000,0x00000000eba00000,0x00000000ebe00000)
 ParOldGen       total 182784K, used 172671K [0x00000000c0000000, 0x00000000cb280000, 0x00000000eab00000)
  object space 182784K, 94% used [0x00000000c0000000,0x00000000ca89ff38,0x00000000cb280000)
 Metaspace       used 63937K, committed 65088K, reserved 1114112K
  class space    used 6826K, committed 7296K, reserved 1048576K
}
Event: 12.708 GC heap before
{Heap before GC invocations=144 (full 7):
 PSYoungGen      total 14336K, used 14060K [0x00000000eab00000, 0x00000000ebe00000, 0x0000000100000000)
  eden space 11264K, 100% used [0x00000000eab00000,0x00000000eb600000,0x00000000eb600000)
  from space 3072K, 91% used [0x00000000eb600000,0x00000000eb8bb318,0x00000000eb900000)
  to   space 4096K, 0% used [0x00000000eba00000,0x00000000eba00000,0x00000000ebe00000)
 ParOldGen       total 182784K, used 172671K [0x00000000c0000000, 0x00000000cb280000, 0x00000000eab00000)
  object space 182784K, 94% used [0x00000000c0000000,0x00000000ca89ff38,0x00000000cb280000)
 Metaspace       used 63942K, committed 65088K, reserved 1114112K
  class space    used 6826K, committed 7296K, reserved 1048576K
}
Event: 12.711 GC heap after
{Heap after GC invocations=144 (full 7):
 PSYoungGen      total 14336K, used 2816K [0x00000000eab00000, 0x00000000ebd00000, 0x0000000100000000)
  eden space 11264K, 0% used [0x00000000eab00000,0x00000000eab00000,0x00000000eb600000)
  from space 3072K, 91% used [0x00000000eba00000,0x00000000ebcc0000,0x00000000ebd00000)
  to   space 3072K, 0% used [0x00000000eb600000,0x00000000eb600000,0x00000000eb900000)
 ParOldGen       total 182784K, used 174357K [0x00000000c0000000, 0x00000000cb280000, 0x00000000eab00000)
  object space 182784K, 95% used [0x00000000c0000000,0x00000000caa45428,0x00000000cb280000)
 Metaspace       used 63942K, committed 65088K, reserved 1114112K
  class space    used 6826K, committed 7296K, reserved 1048576K
}
Event: 12.726 GC heap before
{Heap before GC invocations=145 (full 7):
 PSYoungGen      total 14336K, used 14080K [0x00000000eab00000, 0x00000000ebd00000, 0x0000000100000000)
  eden space 11264K, 100% used [0x00000000eab00000,0x00000000eb600000,0x00000000eb600000)
  from space 3072K, 91% used [0x00000000eba00000,0x00000000ebcc0000,0x00000000ebd00000)
  to   space 3072K, 0% used [0x00000000eb600000,0x00000000eb600000,0x00000000eb900000)
 ParOldGen       total 182784K, used 174357K [0x00000000c0000000, 0x00000000cb280000, 0x00000000eab00000)
  object space 182784K, 95% used [0x00000000c0000000,0x00000000caa45428,0x00000000cb280000)
 Metaspace       used 63943K, committed 65088K, reserved 1114112K
  class space    used 6826K, committed 7296K, reserved 1048576K
}
Event: 12.730 GC heap after
{Heap after GC invocations=145 (full 7):
 PSYoungGen      total 14336K, used 3072K [0x00000000eab00000, 0x00000000ec400000, 0x0000000100000000)
  eden space 11264K, 0% used [0x00000000eab00000,0x00000000eab00000,0x00000000eb600000)
  from space 3072K, 100% used [0x00000000eb600000,0x00000000eb900000,0x00000000eb900000)
  to   space 7168K, 0% used [0x00000000ebd00000,0x00000000ebd00000,0x00000000ec400000)
 ParOldGen       total 182784K, used 177556K [0x00000000c0000000, 0x00000000cb280000, 0x00000000eab00000)
  object space 182784K, 97% used [0x00000000c0000000,0x00000000cad65398,0x00000000cb280000)
 Metaspace       used 63943K, committed 65088K, reserved 1114112K
  class space    used 6826K, committed 7296K, reserved 1048576K
}
Event: 12.746 GC heap before
{Heap before GC invocations=146 (full 7):
 PSYoungGen      total 14336K, used 14336K [0x00000000eab00000, 0x00000000ec400000, 0x0000000100000000)
  eden space 11264K, 100% used [0x00000000eab00000,0x00000000eb600000,0x00000000eb600000)
  from space 3072K, 100% used [0x00000000eb600000,0x00000000eb900000,0x00000000eb900000)
  to   space 7168K, 0% used [0x00000000ebd00000,0x00000000ebd00000,0x00000000ec400000)
 ParOldGen       total 182784K, used 177556K [0x00000000c0000000, 0x00000000cb280000, 0x00000000eab00000)
  object space 182784K, 97% used [0x00000000c0000000,0x00000000cad65398,0x00000000cb280000)
 Metaspace       used 63944K, committed 65088K, reserved 1114112K
  class space    used 6826K, committed 7296K, reserved 1048576K
}
Event: 12.751 GC heap after
{Heap after GC invocations=146 (full 7):
 PSYoungGen      total 18432K, used 4128K [0x00000000eab00000, 0x00000000ec200000, 0x0000000100000000)
  eden space 13312K, 0% used [0x00000000eab00000,0x00000000eab00000,0x00000000eb800000)
  from space 5120K, 80% used [0x00000000ebd00000,0x00000000ec108000,0x00000000ec200000)
  to   space 5120K, 0% used [0x00000000eb800000,0x00000000eb800000,0x00000000ebd00000)
 ParOldGen       total 182784K, used 180395K [0x00000000c0000000, 0x00000000cb280000, 0x00000000eab00000)
  object space 182784K, 98% used [0x00000000c0000000,0x00000000cb02acc8,0x00000000cb280000)
 Metaspace       used 63944K, committed 65088K, reserved 1114112K
  class space    used 6826K, committed 7296K, reserved 1048576K
}
Event: 12.751 GC heap before
{Heap before GC invocations=147 (full 8):
 PSYoungGen      total 18432K, used 4128K [0x00000000eab00000, 0x00000000ec200000, 0x0000000100000000)
  eden space 13312K, 0% used [0x00000000eab00000,0x00000000eab00000,0x00000000eb800000)
  from space 5120K, 80% used [0x00000000ebd00000,0x00000000ec108000,0x00000000ec200000)
  to   space 5120K, 0% used [0x00000000eb800000,0x00000000eb800000,0x00000000ebd00000)
 ParOldGen       total 182784K, used 180395K [0x00000000c0000000, 0x00000000cb280000, 0x00000000eab00000)
  object space 182784K, 98% used [0x00000000c0000000,0x00000000cb02acc8,0x00000000cb280000)
 Metaspace       used 63944K, committed 65088K, reserved 1114112K
  class space    used 6826K, committed 7296K, reserved 1048576K
}
Event: 12.863 GC heap after
{Heap after GC invocations=147 (full 8):
 PSYoungGen      total 18432K, used 0K [0x00000000eab00000, 0x00000000ec400000, 0x0000000100000000)
  eden space 13312K, 0% used [0x00000000eab00000,0x00000000eab00000,0x00000000eb800000)
  from space 5120K, 0% used [0x00000000eb800000,0x00000000eb800000,0x00000000ebd00000)
  to   space 5120K, 0% used [0x00000000ebf00000,0x00000000ebf00000,0x00000000ec400000)
 ParOldGen       total 223232K, used 180619K [0x00000000c0000000, 0x00000000cda00000, 0x00000000eab00000)
  object space 223232K, 80% used [0x00000000c0000000,0x00000000cb062ff0,0x00000000cda00000)
 Metaspace       used 63944K, committed 65088K, reserved 1114112K
  class space    used 6826K, committed 7296K, reserved 1048576K
}
Event: 12.892 GC heap before
{Heap before GC invocations=148 (full 8):
 PSYoungGen      total 18432K, used 13312K [0x00000000eab00000, 0x00000000ec400000, 0x0000000100000000)
  eden space 13312K, 100% used [0x00000000eab00000,0x00000000eb800000,0x00000000eb800000)
  from space 5120K, 0% used [0x00000000eb800000,0x00000000eb800000,0x00000000ebd00000)
  to   space 5120K, 0% used [0x00000000ebf00000,0x00000000ebf00000,0x00000000ec400000)
 ParOldGen       total 223232K, used 180619K [0x00000000c0000000, 0x00000000cda00000, 0x00000000eab00000)
  object space 223232K, 80% used [0x00000000c0000000,0x00000000cb062ff0,0x00000000cda00000)
 Metaspace       used 63946K, committed 65088K, reserved 1114112K
  class space    used 6826K, committed 7296K, reserved 1048576K
}
Event: 12.895 GC heap after
{Heap after GC invocations=148 (full 8):
 PSYoungGen      total 18944K, used 3552K [0x00000000eab00000, 0x00000000ec280000, 0x0000000100000000)
  eden space 15360K, 0% used [0x00000000eab00000,0x00000000eab00000,0x00000000eba00000)
  from space 3584K, 99% used [0x00000000ebf00000,0x00000000ec278000,0x00000000ec280000)
  to   space 4096K, 0% used [0x00000000eba80000,0x00000000eba80000,0x00000000ebe80000)
 ParOldGen       total 223232K, used 180627K [0x00000000c0000000, 0x00000000cda00000, 0x00000000eab00000)
  object space 223232K, 80% used [0x00000000c0000000,0x00000000cb064ff0,0x00000000cda00000)
 Metaspace       used 63946K, committed 65088K, reserved 1114112K
  class space    used 6826K, committed 7296K, reserved 1048576K
}
Event: 12.924 GC heap before
{Heap before GC invocations=149 (full 8):
 PSYoungGen      total 18944K, used 18912K [0x00000000eab00000, 0x00000000ec280000, 0x0000000100000000)
  eden space 15360K, 100% used [0x00000000eab00000,0x00000000eba00000,0x00000000eba00000)
  from space 3584K, 99% used [0x00000000ebf00000,0x00000000ec278000,0x00000000ec280000)
  to   space 4096K, 0% used [0x00000000eba80000,0x00000000eba80000,0x00000000ebe80000)
 ParOldGen       total 223232K, used 180627K [0x00000000c0000000, 0x00000000cda00000, 0x00000000eab00000)
  object space 223232K, 80% used [0x00000000c0000000,0x00000000cb064ff0,0x00000000cda00000)
 Metaspace       used 63949K, committed 65088K, reserved 1114112K
  class space    used 6826K, committed 7296K, reserved 1048576K
}
Event: 12.927 GC heap after
{Heap after GC invocations=149 (full 8):
 PSYoungGen      total 19968K, used 4096K [0x00000000eab00000, 0x00000000ecc00000, 0x0000000100000000)
  eden space 15872K, 0% used [0x00000000eab00000,0x00000000eab00000,0x00000000eba80000)
  from space 4096K, 100% used [0x00000000eba80000,0x00000000ebe80000,0x00000000ebe80000)
  to   space 8192K, 0% used [0x00000000ec400000,0x00000000ec400000,0x00000000ecc00000)
 ParOldGen       total 223232K, used 183821K [0x00000000c0000000, 0x00000000cda00000, 0x00000000eab00000)
  object space 223232K, 82% used [0x00000000c0000000,0x00000000cb3836d8,0x00000000cda00000)
 Metaspace       used 63949K, committed 65088K, reserved 1114112K
  class space    used 6826K, committed 7296K, reserved 1048576K
}
Event: 12.963 GC heap before
{Heap before GC invocations=150 (full 8):
 PSYoungGen      total 19968K, used 19968K [0x00000000eab00000, 0x00000000ecc00000, 0x0000000100000000)
  eden space 15872K, 100% used [0x00000000eab00000,0x00000000eba80000,0x00000000eba80000)
  from space 4096K, 100% used [0x00000000eba80000,0x00000000ebe80000,0x00000000ebe80000)
  to   space 8192K, 0% used [0x00000000ec400000,0x00000000ec400000,0x00000000ecc00000)
 ParOldGen       total 223232K, used 183821K [0x00000000c0000000, 0x00000000cda00000, 0x00000000eab00000)
  object space 223232K, 82% used [0x00000000c0000000,0x00000000cb3836d8,0x00000000cda00000)
 Metaspace       used 63949K, committed 65088K, reserved 1114112K
  class space    used 6826K, committed 7296K, reserved 1048576K
}
Event: 12.968 GC heap after
{Heap after GC invocations=150 (full 8):
 PSYoungGen      total 22016K, used 3680K [0x00000000eab00000, 0x00000000ec800000, 0x0000000100000000)
  eden space 17920K, 0% used [0x00000000eab00000,0x00000000eab00000,0x00000000ebc80000)
  from space 4096K, 89% used [0x00000000ec400000,0x00000000ec798000,0x00000000ec800000)
  to   space 5120K, 0% used [0x00000000ebe00000,0x00000000ebe00000,0x00000000ec300000)
 ParOldGen       total 223232K, used 187604K [0x00000000c0000000, 0x00000000cda00000, 0x00000000eab00000)
  object space 223232K, 84% used [0x00000000c0000000,0x00000000cb735008,0x00000000cda00000)
 Metaspace       used 63949K, committed 65088K, reserved 1114112K
  class space    used 6826K, committed 7296K, reserved 1048576K
}
Event: 12.999 GC heap before
{Heap before GC invocations=151 (full 8):
 PSYoungGen      total 22016K, used 21600K [0x00000000eab00000, 0x00000000ec800000, 0x0000000100000000)
  eden space 17920K, 100% used [0x00000000eab00000,0x00000000ebc80000,0x00000000ebc80000)
  from space 4096K, 89% used [0x00000000ec400000,0x00000000ec798000,0x00000000ec800000)
  to   space 5120K, 0% used [0x00000000ebe00000,0x00000000ebe00000,0x00000000ec300000)
 ParOldGen       total 223232K, used 187604K [0x00000000c0000000, 0x00000000cda00000, 0x00000000eab00000)
  object space 223232K, 84% used [0x00000000c0000000,0x00000000cb735008,0x00000000cda00000)
 Metaspace       used 63949K, committed 65088K, reserved 1114112K
  class space    used 6826K, committed 7296K, reserved 1048576K
}
Event: 13.003 GC heap after
{Heap after GC invocations=151 (full 8):
 PSYoungGen      total 24576K, used 5056K [0x00000000eab00000, 0x00000000ec980000, 0x0000000100000000)
  eden space 19456K, 0% used [0x00000000eab00000,0x00000000eab00000,0x00000000ebe00000)
  from space 5120K, 98% used [0x00000000ebe00000,0x00000000ec2f0000,0x00000000ec300000)
  to   space 5632K, 0% used [0x00000000ec400000,0x00000000ec400000,0x00000000ec980000)
 ParOldGen       total 223232K, used 190855K [0x00000000c0000000, 0x00000000cda00000, 0x00000000eab00000)
  object space 223232K, 85% used [0x00000000c0000000,0x00000000cba61dc8,0x00000000cda00000)
 Metaspace       used 63949K, committed 65088K, reserved 1114112K
  class space    used 6826K, committed 7296K, reserved 1048576K
}

